<?xml version="1.0" encoding="UTF-8"?>
<!-- Generated by org.testng.reporters.JUnitXMLReporter -->
<testsuite hostname="RADZIK-ПК" name="Command line test" tests="8" failures="0" timestamp="5 May 2014 18:08:51 GMT" time="1.457" errors="0">
  <testcase name="test" time="0.0" classname="cmc.ps.test.service.BusinessServiceTest"/>
  <testcase name="simpleTest" time="0.101" classname="cmc.ps.test.service.HistoryServiceTest"/>
  <testcase name="test" time="0.0" classname="cmc.ps.test.service.LegalEntityServiceTest"/>
  <testcase name="test" time="0.0" classname="cmc.ps.test.service.OwnerServiceTest"/>
  <testcase name="test" time="0.0" classname="cmc.ps.test.service.PhysicalPersonServiceTest"/>
  <testcase name="test" time="0.032" classname="cmc.ps.test.service.TransitiveClosureServiceTest"/>
  <testcase name="transitiveClosureTest" time="0.001" classname="cmc.ps.test.service.TransitiveClosureServiceTest"/>
  <testcase name="transitiveClosureTest" time="0.091" classname="cmc.ps.test.service.TransitiveClosureServiceTest"/>
</testsuite> <!-- Command line test -->
