<?xml version="1.0" encoding="UTF-8" ?>
<testsuite failures="0" time="1.86" errors="0" skipped="0" tests="8" name="TestSuite">
  <properties>
[...]
</properties>
  <testcase time="0" classname="cmc.ps.test.service.BusinessServiceTest" name="test"/>
  <testcase time="0.101" classname="cmc.ps.test.service.HistoryServiceTest" name="simpleTest"/>
  <testcase time="0" classname="cmc.ps.test.service.LegalEntityServiceTest" name="test"/>
  <testcase time="0" classname="cmc.ps.test.service.OwnerServiceTest" name="test"/>
  <testcase time="0.001" classname="cmc.ps.test.service.PhysicalPersonServiceTest" name="test"/>
  <testcase time="0.032" classname="cmc.ps.test.service.TransitiveClosureServiceTest" name="test"/>
  <testcase time="0.001" classname="cmc.ps.test.service.TransitiveClosureServiceTest" name="transitiveClosureTest"/>
  <testcase time="0.092" classname="cmc.ps.test.service.TransitiveClosureServiceTest" name="transitiveClosureTest"/>
</testsuite>